c:\gamedev\bengine\debug\bengine.pdb
c:\gamedev\bengine\debug\bengine.idb
c:\gamedev\bengine\debug\bengine.obj
c:\gamedev\bengine\debug\camera2d.obj
c:\gamedev\bengine\debug\errors.obj
c:\gamedev\bengine\debug\glslprogram.obj
c:\gamedev\bengine\debug\imageloader.obj
c:\gamedev\bengine\debug\inputmanager.obj
c:\gamedev\bengine\debug\iomanager.obj
c:\gamedev\bengine\debug\picopng.obj
c:\gamedev\bengine\debug\resourcemanager.obj
c:\gamedev\bengine\debug\sprite.obj
c:\gamedev\bengine\debug\spritebatch.obj
c:\gamedev\bengine\debug\texturecache.obj
c:\gamedev\bengine\debug\timing.obj
c:\gamedev\bengine\debug\window.obj
c:\gamedev\_projects\zombiegame\debug\bengine.lib
c:\gamedev\_projects\zombiegame\debug\bengine.pdb
c:\gamedev\bengine\debug\bengine.tlog\cl.command.1.tlog
c:\gamedev\bengine\debug\bengine.tlog\cl.read.1.tlog
c:\gamedev\bengine\debug\bengine.tlog\cl.write.1.tlog
c:\gamedev\bengine\debug\bengine.tlog\lib-link.read.1.tlog
c:\gamedev\bengine\debug\bengine.tlog\lib-link.write.1.tlog
c:\gamedev\bengine\debug\bengine.tlog\lib.command.1.tlog
