Build started 2015-10-20 1:30:39 PM.
     1>Project "C:\GameDev\AI\SteeringBehaviors\Steering.vcxproj" on node 2 (Build target(s)).
     1>ClCompile:
         C:\Program Files (x86)\Microsoft Visual Studio 14.0\VC\bin\CL.exe /c /IC:\GameDev\AI\Common /ZI /nologo /W3 /WX- /Od /Oy- /D WIN32 /D _DEBUG /D _WINDOWS /D _VC80_UPGRADE=0x0600 /D _MBCS /Gm /EHsc /RTC1 /MTd /GS /fp:precise /Zc:wchar_t /Zc:forScope /Zc:inline /GR /Fo".\Debug/" /Fd".\Debug/vc140.pdb" /FR".\Debug\\" /Gd /TP /analyze- /errorReport:prompt ..\Common\2D\Vector2d.cpp ..\Common\misc\Cgdi.cpp ..\Common\misc\iniFileLoaderBase.cpp ..\Common\misc\WindowUtils.cpp ..\Common\Time\PrecisionTimer.cpp GameWorld.cpp main.cpp Obstacle.cpp ParamLoader.cpp Path.cpp SteeringBehaviors.cpp Vehicle.cpp
         Vehicle.cpp
         SteeringBehaviors.cpp
         Path.cpp
         ParamLoader.cpp
         Obstacle.cpp
         main.cpp
         GameWorld.cpp
         PrecisionTimer.cpp
         WindowUtils.cpp
         iniFileLoaderBase.cpp
     1>c:\gamedev\ai\common\misc\inifileloaderbase.cpp(9): warning C4305: 'argument': truncation from 'int' to 'char'
     1>c:\gamedev\ai\common\misc\inifileloaderbase.cpp(9): warning C4309: 'argument': truncation of constant value
     1>c:\gamedev\ai\common\misc\inifileloaderbase.cpp(57): warning C4129: ';': unrecognized character escape sequence
     1>c:\gamedev\ai\common\misc\inifileloaderbase.cpp(109): warning C4129: ';': unrecognized character escape sequence
         Cgdi.cpp
         Vector2d.cpp
         Generating Code...
       ResourceCompile:
         C:\Program Files (x86)\Windows Kits\8.1\bin\x86\rc.exe /D _DEBUG /D _VC80_UPGRADE=0x0600 /l"0x0809" /nologo /fo".\Debug\Script1.res" Script1.rc 
       Link:
         C:\Program Files (x86)\Microsoft Visual Studio 14.0\VC\bin\link.exe /ERRORREPORT:PROMPT /OUT:".\Debug/Steering.exe" /INCREMENTAL /NOLOGO kernel32.lib user32.lib gdi32.lib winspool.lib comdlg32.lib advapi32.lib shell32.lib ole32.lib oleaut32.lib uuid.lib odbc32.lib odbccp32.lib /MANIFEST /MANIFESTUAC:"level='asInvoker' uiAccess='false'" /manifest:embed /Debug /PDB:".\Debug/Steering.pdb" /SUBSYSTEM:WINDOWS /TLBID:1 /DYNAMICBASE:NO /IMPLIB:".\Debug\Steering.lib" /MACHINE:X86 /SAFESEH .\Debug\Script1.res
         .\Debug/Vector2d.obj
         .\Debug/Cgdi.obj
         .\Debug/iniFileLoaderBase.obj
         .\Debug/WindowUtils.obj
         .\Debug/PrecisionTimer.obj
         .\Debug/GameWorld.obj
         .\Debug/main.obj
         .\Debug/Obstacle.obj
         .\Debug/ParamLoader.obj
         .\Debug/Path.obj
         .\Debug/SteeringBehaviors.obj
         .\Debug/Vehicle.obj
     1>Vector2d.obj : warning LNK4075: ignoring '/EDITANDCONTINUE' due to '/SAFESEH' specification
         Steering.vcxproj -> C:\GameDev\AI\SteeringBehaviors\.\Debug\Steering.exe
       BscMake:
         C:\Program Files (x86)\Microsoft Visual Studio 14.0\VC\bin\bscmake.exe /nologo /o".\Debug/Steering.bsc" .\Debug\Vector2d.sbr .\Debug\Cgdi.sbr .\Debug\iniFileLoaderBase.sbr .\Debug\WindowUtils.sbr .\Debug\PrecisionTimer.sbr .\Debug\GameWorld.sbr .\Debug\main.sbr .\Debug\Obstacle.sbr .\Debug\ParamLoader.sbr .\Debug\Path.sbr .\Debug\SteeringBehaviors.sbr .\Debug\Vehicle.sbr
     1>Done Building Project "C:\GameDev\AI\SteeringBehaviors\Steering.vcxproj" (Build target(s)).

Build succeeded.

Time Elapsed 00:00:25.98
