Build started 2015-10-20 2:58:42 PM.
     1>Project "C:\GameDev\AI\Pathfinder_Working\Pathfinder.vcxproj" on node 2 (Build target(s)).
     1>ClCompile:
         C:\Program Files (x86)\Microsoft Visual Studio 14.0\VC\bin\CL.exe /c /I\AI\Common /ZI /nologo /W3 /WX- /Od /Oy- /D WIN32 /D _DEBUG /D _WINDOWS /D _VC80_UPGRADE=0x0600 /D _MBCS /Gm /EHsc /RTC1 /MTd /GS /fp:precise /Zc:wchar_t /Zc:forScope /Zc:inline /Fo".\Debug/" /Fd".\Debug/vc140.pdb" /FR".\Debug\\" /Gd /TP /analyze- /errorReport:prompt main.cpp Pathfinder.cpp ..\Common\misc\Cgdi.cpp ..\Common\Time\PrecisionTimer.cpp ..\Common\misc\WindowUtils.cpp
         WindowUtils.cpp
         PrecisionTimer.cpp
         Cgdi.cpp
         Pathfinder.cpp
     1>c:\gamedev\ai\common\graph\sparsegraph.h(695): warning C4018: '<': signed/unsigned mismatch
         c:\gamedev\ai\common\graph\sparsegraph.h(693): note: while compiling class template member function 'void SparseGraph<NavGraphNode<void *>,GraphEdge>::SetEdgeCost(int,int,double)'
         c:\gamedev\ai\common\graph\handygraphfunctions.h(194): note: see reference to function template instantiation 'void SparseGraph<NavGraphNode<void *>,GraphEdge>::SetEdgeCost(int,int,double)' being compiled
         c:\gamedev\ai\common\graph\sparsegraph.h(455): note: while compiling class template member function 'NavGraphNode<void *> &SparseGraph<NavGraphNode<void *>,GraphEdge>::GetNode(int)'
         c:\gamedev\ai\pathfinder_working\pathfinder.cpp(430): note: see reference to function template instantiation 'NavGraphNode<void *> &SparseGraph<NavGraphNode<void *>,GraphEdge>::GetNode(int)' being compiled
         c:\gamedev\ai\pathfinder_working\pathfinder.h(138): note: see reference to class template instantiation 'SparseGraph<NavGraphNode<void *>,GraphEdge>' being compiled
         main.cpp
         Generating Code...
       ResourceCompile:
         C:\Program Files (x86)\Windows Kits\8.1\bin\x86\rc.exe /D _DEBUG /D _VC80_UPGRADE=0x0600 /l"0x0809" /nologo /fo".\Debug\toolbar.res" toolbar.rc 
       Link:
         C:\Program Files (x86)\Microsoft Visual Studio 14.0\VC\bin\link.exe /ERRORREPORT:PROMPT /OUT:".\Debug/Pathfinder.exe" /INCREMENTAL /NOLOGO comctl32.lib odbc32.lib odbccp32.lib kernel32.lib user32.lib gdi32.lib winspool.lib comdlg32.lib advapi32.lib shell32.lib ole32.lib oleaut32.lib uuid.lib odbc32.lib odbccp32.lib /MANIFEST /MANIFESTUAC:"level='asInvoker' uiAccess='false'" /manifest:embed /Debug /PDB:".\Debug/Pathfinder.pdb" /SUBSYSTEM:WINDOWS /TLBID:1 /DYNAMICBASE:NO /IMPLIB:".\Debug\Pathfinder.lib" /MACHINE:X86 /SAFESEH .\Debug\toolbar.res
         .\Debug/main.obj
         .\Debug/Pathfinder.obj
         .\Debug/Cgdi.obj
         .\Debug/PrecisionTimer.obj
         .\Debug/WindowUtils.obj
     1>main.obj : warning LNK4075: ignoring '/EDITANDCONTINUE' due to '/SAFESEH' specification
         Pathfinder.vcxproj -> C:\GameDev\AI\Pathfinder_Working\.\Debug\Pathfinder.exe
       BscMake:
         C:\Program Files (x86)\Microsoft Visual Studio 14.0\VC\bin\bscmake.exe /nologo /o".\Debug/Pathfinder.bsc" .\Debug\main.sbr .\Debug\Pathfinder.sbr .\Debug\Cgdi.sbr .\Debug\PrecisionTimer.sbr .\Debug\WindowUtils.sbr
     1>Done Building Project "C:\GameDev\AI\Pathfinder_Working\Pathfinder.vcxproj" (Build target(s)).

Build succeeded.

Time Elapsed 00:00:14.43
