c:\gamedev\ai\pathfinder_working\debug\vc120.pdb
c:\gamedev\ai\pathfinder_working\debug\vc120.idb
c:\gamedev\ai\pathfinder_working\debug\windowutils.sbr
c:\gamedev\ai\pathfinder_working\debug\precisiontimer.sbr
c:\gamedev\ai\pathfinder_working\debug\cgdi.sbr
c:\gamedev\ai\pathfinder_working\debug\pathfinder.sbr
c:\gamedev\ai\pathfinder_working\debug\main.sbr
c:\gamedev\ai\pathfinder_working\debug\main.obj
c:\gamedev\ai\pathfinder_working\debug\pathfinder.obj
c:\gamedev\ai\pathfinder_working\debug\cgdi.obj
c:\gamedev\ai\pathfinder_working\debug\precisiontimer.obj
c:\gamedev\ai\pathfinder_working\debug\windowutils.obj
c:\gamedev\ai\pathfinder_working\debug\toolbar.res
c:\gamedev\ai\pathfinder_working\debug\pathfinder.tlog\cl.command.1.tlog
c:\gamedev\ai\pathfinder_working\debug\pathfinder.tlog\cl.read.1.tlog
c:\gamedev\ai\pathfinder_working\debug\pathfinder.tlog\cl.write.1.tlog
c:\gamedev\ai\pathfinder_working\debug\pathfinder.tlog\link.command.1.tlog
c:\gamedev\ai\pathfinder_working\debug\pathfinder.tlog\link.read.1.tlog
c:\gamedev\ai\pathfinder_working\debug\pathfinder.tlog\link.write.1.tlog
c:\gamedev\ai\pathfinder_working\debug\pathfinder.tlog\rc.command.1.tlog
c:\gamedev\ai\pathfinder_working\debug\pathfinder.tlog\rc.read.1.tlog
c:\gamedev\ai\pathfinder_working\debug\pathfinder.tlog\rc.write.1.tlog
