c:\gamedev\_projects\zombiegame\zombiegame\debug\vc140.pdb
c:\gamedev\_projects\zombiegame\zombiegame\debug\vc140.idb
c:\gamedev\_projects\zombiegame\zombiegame\debug\agent.obj
c:\gamedev\_projects\zombiegame\zombiegame\debug\bullet.obj
c:\gamedev\_projects\zombiegame\zombiegame\debug\gun.obj
c:\gamedev\_projects\zombiegame\zombiegame\debug\human.obj
c:\gamedev\_projects\zombiegame\zombiegame\debug\level.obj
c:\gamedev\_projects\zombiegame\zombiegame\debug\main.obj
c:\gamedev\_projects\zombiegame\zombiegame\debug\maingame.obj
c:\gamedev\_projects\zombiegame\zombiegame\debug\player.obj
c:\gamedev\_projects\zombiegame\zombiegame\debug\zombie.obj
c:\gamedev\_projects\zombiegame\debug\zombiegame.pdb
c:\gamedev\_projects\zombiegame\zombiegame\debug\zombiegame.tlog\cl.command.1.tlog
c:\gamedev\_projects\zombiegame\zombiegame\debug\zombiegame.tlog\cl.read.1.tlog
c:\gamedev\_projects\zombiegame\zombiegame\debug\zombiegame.tlog\cl.write.1.tlog
c:\gamedev\_projects\zombiegame\zombiegame\debug\zombiegame.tlog\link-cvtres.read.1.tlog
c:\gamedev\_projects\zombiegame\zombiegame\debug\zombiegame.tlog\link-cvtres.write.1.tlog
c:\gamedev\_projects\zombiegame\zombiegame\debug\zombiegame.tlog\link-rc.read.1.tlog
c:\gamedev\_projects\zombiegame\zombiegame\debug\zombiegame.tlog\link-rc.write.1.tlog
c:\gamedev\_projects\zombiegame\zombiegame\debug\zombiegame.tlog\link.command.1.tlog
c:\gamedev\_projects\zombiegame\zombiegame\debug\zombiegame.tlog\link.read.1.tlog
c:\gamedev\_projects\zombiegame\zombiegame\debug\zombiegame.tlog\link.write.1.tlog
